2018-11-15 13:03:39,607 INFO  [main] com.stackroute.RegistrationApplication : Starting RegistrationApplication on suhrid with PID 11666 (/home/suhrid/matchmaking-platform/RegistrationService/target/classes started by suhrid in /home/suhrid/matchmaking-platform)
2018-11-15 13:03:39,624 DEBUG [main] com.stackroute.RegistrationApplication : Running with Spring Boot v2.0.5.RELEASE, Spring v5.0.9.RELEASE
2018-11-15 13:03:39,633 INFO  [main] com.stackroute.RegistrationApplication : No active profile set, falling back to default profiles: default
2018-11-15 13:03:39,809 INFO  [main] org.springframework.boot.web.servlet.context.AnnotationConfigServletWebServerApplicationContext : Refreshing org.springframework.boot.web.servlet.context.AnnotationConfigServletWebServerApplicationContext@b4711e2: startup date [Thu Nov 15 13:03:39 IST 2018]; root of context hierarchy
2018-11-15 13:03:42,275 INFO  [main] org.springframework.context.support.PostProcessorRegistrationDelegate$BeanPostProcessorChecker : Bean 'org.springframework.kafka.annotation.KafkaBootstrapConfiguration' of type [org.springframework.kafka.annotation.KafkaBootstrapConfiguration$$EnhancerBySpringCGLIB$$398ca2bf] is not eligible for getting processed by all BeanPostProcessors (for example: not eligible for auto-proxying)
2018-11-15 13:03:43,047 INFO  [main] org.springframework.boot.web.embedded.tomcat.TomcatWebServer : Tomcat initialized with port(s): 8085 (http)
2018-11-15 13:03:43,093 INFO  [main] org.apache.catalina.core.StandardService : Starting service [Tomcat]
2018-11-15 13:03:43,094 INFO  [main] org.apache.catalina.core.StandardEngine : Starting Servlet Engine: Apache Tomcat/8.5.34
2018-11-15 13:03:43,110 INFO  [localhost-startStop-1] org.apache.catalina.core.AprLifecycleListener : The APR based Apache Tomcat Native library which allows optimal performance in production environments was not found on the java.library.path: [/usr/java/packages/lib:/usr/lib64:/lib64:/lib:/usr/lib]
2018-11-15 13:03:43,273 INFO  [localhost-startStop-1] org.apache.catalina.core.ContainerBase.[Tomcat].[localhost].[/] : Initializing Spring embedded WebApplicationContext
2018-11-15 13:03:44,216 INFO  [localhost-startStop-1] org.springframework.boot.web.servlet.FilterRegistrationBean : Mapping filter: 'characterEncodingFilter' to: [/*]
2018-11-15 13:03:44,217 INFO  [localhost-startStop-1] org.springframework.boot.web.servlet.FilterRegistrationBean : Mapping filter: 'webMvcMetricsFilter' to: [/*]
2018-11-15 13:03:44,217 INFO  [localhost-startStop-1] org.springframework.boot.web.servlet.FilterRegistrationBean : Mapping filter: 'hiddenHttpMethodFilter' to: [/*]
2018-11-15 13:03:44,217 INFO  [localhost-startStop-1] org.springframework.boot.web.servlet.FilterRegistrationBean : Mapping filter: 'httpPutFormContentFilter' to: [/*]
2018-11-15 13:03:44,217 INFO  [localhost-startStop-1] org.springframework.boot.web.servlet.FilterRegistrationBean : Mapping filter: 'requestContextFilter' to: [/*]
2018-11-15 13:03:44,218 INFO  [localhost-startStop-1] org.springframework.boot.web.servlet.FilterRegistrationBean : Mapping filter: 'httpTraceFilter' to: [/*]
2018-11-15 13:03:44,218 INFO  [localhost-startStop-1] org.springframework.boot.web.servlet.ServletRegistrationBean : Servlet dispatcherServlet mapped to [/]
2018-11-15 13:03:45,448 INFO  [main] org.springframework.boot.actuate.endpoint.web.EndpointLinksResolver : Exposing 2 endpoint(s) beneath base path '/actuator'
2018-11-15 13:03:45,463 INFO  [main] org.springframework.boot.actuate.endpoint.web.servlet.WebMvcEndpointHandlerMapping : Mapped "{[/actuator/health],methods=[GET],produces=[application/vnd.spring-boot.actuator.v2+json || application/json]}" onto public java.lang.Object org.springframework.boot.actuate.endpoint.web.servlet.AbstractWebMvcEndpointHandlerMapping$OperationHandler.handle(javax.servlet.http.HttpServletRequest,java.util.Map<java.lang.String, java.lang.String>)
2018-11-15 13:03:45,464 INFO  [main] org.springframework.boot.actuate.endpoint.web.servlet.WebMvcEndpointHandlerMapping : Mapped "{[/actuator/info],methods=[GET],produces=[application/vnd.spring-boot.actuator.v2+json || application/json]}" onto public java.lang.Object org.springframework.boot.actuate.endpoint.web.servlet.AbstractWebMvcEndpointHandlerMapping$OperationHandler.handle(javax.servlet.http.HttpServletRequest,java.util.Map<java.lang.String, java.lang.String>)
2018-11-15 13:03:45,465 INFO  [main] org.springframework.boot.actuate.endpoint.web.servlet.WebMvcEndpointHandlerMapping : Mapped "{[/actuator],methods=[GET],produces=[application/vnd.spring-boot.actuator.v2+json || application/json]}" onto protected java.util.Map<java.lang.String, java.util.Map<java.lang.String, org.springframework.boot.actuate.endpoint.web.Link>> org.springframework.boot.actuate.endpoint.web.servlet.WebMvcEndpointHandlerMapping.links(javax.servlet.http.HttpServletRequest,javax.servlet.http.HttpServletResponse)
2018-11-15 13:03:45,540 INFO  [main] org.springframework.jmx.export.annotation.AnnotationMBeanExporter : Registering beans for JMX exposure on startup
2018-11-15 13:03:45,559 INFO  [main] org.springframework.context.support.DefaultLifecycleProcessor : Starting beans in phase 2147483547
2018-11-15 13:03:45,617 INFO  [main] org.springframework.boot.web.embedded.tomcat.TomcatWebServer : Tomcat started on port(s): 8085 (http) with context path ''
2018-11-15 13:03:45,623 INFO  [main] com.stackroute.RegistrationApplication : Started RegistrationApplication in 7.791 seconds (JVM running for 9.57)
2018-11-15 13:03:53,751 INFO  [Thread-4] org.springframework.boot.web.servlet.context.AnnotationConfigServletWebServerApplicationContext : Closing org.springframework.boot.web.servlet.context.AnnotationConfigServletWebServerApplicationContext@b4711e2: startup date [Thu Nov 15 13:03:39 IST 2018]; root of context hierarchy
2018-11-15 13:03:53,753 INFO  [Thread-4] org.springframework.context.support.DefaultLifecycleProcessor : Stopping beans in phase 2147483547
2018-11-15 13:03:53,753 INFO  [Thread-4] org.springframework.context.support.DefaultLifecycleProcessor : Stopping beans in phase 0
2018-11-15 13:03:53,754 INFO  [Thread-4] org.springframework.jmx.export.annotation.AnnotationMBeanExporter : Unregistering JMX-exposed beans on shutdown
