2018-11-15 13:06:22,560 INFO  [main] com.stackroute.MatchMakingApplicationTests : Starting MatchMakingApplicationTests on suhrid with PID 12381 (started by suhrid in /home/suhrid/matchmaking-platform/RegistrationService)
2018-11-15 13:06:22,563 DEBUG [main] com.stackroute.MatchMakingApplicationTests : Running with Spring Boot v2.0.5.RELEASE, Spring v5.0.9.RELEASE
2018-11-15 13:06:22,571 INFO  [main] com.stackroute.MatchMakingApplicationTests : No active profile set, falling back to default profiles: default
2018-11-15 13:06:26,022 INFO  [main] org.springframework.context.support.PostProcessorRegistrationDelegate$BeanPostProcessorChecker : Bean 'org.springframework.kafka.annotation.KafkaBootstrapConfiguration' of type [org.springframework.kafka.annotation.KafkaBootstrapConfiguration$$EnhancerBySpringCGLIB$$eefbcc9f] is not eligible for getting processed by all BeanPostProcessors (for example: not eligible for auto-proxying)
2018-11-15 13:06:28,889 INFO  [main] org.springframework.boot.actuate.endpoint.web.EndpointLinksResolver : Exposing 2 endpoint(s) beneath base path '/actuator'
2018-11-15 13:06:28,904 INFO  [main] org.springframework.boot.actuate.endpoint.web.servlet.WebMvcEndpointHandlerMapping : Mapped "{[/actuator/health],methods=[GET],produces=[application/vnd.spring-boot.actuator.v2+json || application/json]}" onto public java.lang.Object org.springframework.boot.actuate.endpoint.web.servlet.AbstractWebMvcEndpointHandlerMapping$OperationHandler.handle(javax.servlet.http.HttpServletRequest,java.util.Map<java.lang.String, java.lang.String>)
2018-11-15 13:06:28,906 INFO  [main] org.springframework.boot.actuate.endpoint.web.servlet.WebMvcEndpointHandlerMapping : Mapped "{[/actuator/info],methods=[GET],produces=[application/vnd.spring-boot.actuator.v2+json || application/json]}" onto public java.lang.Object org.springframework.boot.actuate.endpoint.web.servlet.AbstractWebMvcEndpointHandlerMapping$OperationHandler.handle(javax.servlet.http.HttpServletRequest,java.util.Map<java.lang.String, java.lang.String>)
2018-11-15 13:06:28,908 INFO  [main] org.springframework.boot.actuate.endpoint.web.servlet.WebMvcEndpointHandlerMapping : Mapped "{[/actuator],methods=[GET],produces=[application/vnd.spring-boot.actuator.v2+json || application/json]}" onto protected java.lang.Object org.springframework.boot.actuate.endpoint.web.servlet.WebMvcEndpointHandlerMapping.links(javax.servlet.http.HttpServletRequest,javax.servlet.http.HttpServletResponse)
2018-11-15 13:06:29,022 INFO  [main] org.springframework.context.support.DefaultLifecycleProcessor : Starting beans in phase 2147483547
2018-11-15 13:06:29,042 INFO  [main] com.stackroute.MatchMakingApplicationTests : Started MatchMakingApplicationTests in 7.599 seconds (JVM running for 10.145)
2018-11-15 13:06:29,256 INFO  [Thread-2] org.springframework.context.support.DefaultLifecycleProcessor : Stopping beans in phase 2147483547
2018-11-15 13:06:29,260 INFO  [Thread-2] org.springframework.context.support.DefaultLifecycleProcessor : Stopping beans in phase 0
2018-11-15 13:09:19,178 INFO  [main] com.stackroute.MatchMakingApplicationTests : Starting MatchMakingApplicationTests on suhrid with PID 13263 (started by suhrid in /home/suhrid/matchmaking-platform/RegistrationService)
2018-11-15 13:09:19,180 DEBUG [main] com.stackroute.MatchMakingApplicationTests : Running with Spring Boot v2.0.5.RELEASE, Spring v5.0.9.RELEASE
2018-11-15 13:09:19,185 INFO  [main] com.stackroute.MatchMakingApplicationTests : No active profile set, falling back to default profiles: default
2018-11-15 13:09:22,462 INFO  [main] org.springframework.context.support.PostProcessorRegistrationDelegate$BeanPostProcessorChecker : Bean 'org.springframework.kafka.annotation.KafkaBootstrapConfiguration' of type [org.springframework.kafka.annotation.KafkaBootstrapConfiguration$$EnhancerBySpringCGLIB$$5db8d3ff] is not eligible for getting processed by all BeanPostProcessors (for example: not eligible for auto-proxying)
2018-11-15 13:09:25,813 INFO  [main] org.springframework.boot.actuate.endpoint.web.EndpointLinksResolver : Exposing 2 endpoint(s) beneath base path '/actuator'
2018-11-15 13:09:25,832 INFO  [main] org.springframework.boot.actuate.endpoint.web.servlet.WebMvcEndpointHandlerMapping : Mapped "{[/actuator/health],methods=[GET],produces=[application/vnd.spring-boot.actuator.v2+json || application/json]}" onto public java.lang.Object org.springframework.boot.actuate.endpoint.web.servlet.AbstractWebMvcEndpointHandlerMapping$OperationHandler.handle(javax.servlet.http.HttpServletRequest,java.util.Map<java.lang.String, java.lang.String>)
2018-11-15 13:09:25,834 INFO  [main] org.springframework.boot.actuate.endpoint.web.servlet.WebMvcEndpointHandlerMapping : Mapped "{[/actuator/info],methods=[GET],produces=[application/vnd.spring-boot.actuator.v2+json || application/json]}" onto public java.lang.Object org.springframework.boot.actuate.endpoint.web.servlet.AbstractWebMvcEndpointHandlerMapping$OperationHandler.handle(javax.servlet.http.HttpServletRequest,java.util.Map<java.lang.String, java.lang.String>)
2018-11-15 13:09:25,835 INFO  [main] org.springframework.boot.actuate.endpoint.web.servlet.WebMvcEndpointHandlerMapping : Mapped "{[/actuator],methods=[GET],produces=[application/vnd.spring-boot.actuator.v2+json || application/json]}" onto protected java.lang.Object org.springframework.boot.actuate.endpoint.web.servlet.WebMvcEndpointHandlerMapping.links(javax.servlet.http.HttpServletRequest,javax.servlet.http.HttpServletResponse)
2018-11-15 13:09:25,952 INFO  [main] org.springframework.context.support.DefaultLifecycleProcessor : Starting beans in phase 2147483547
2018-11-15 13:09:25,980 INFO  [main] com.stackroute.MatchMakingApplicationTests : Started MatchMakingApplicationTests in 8.134 seconds (JVM running for 10.589)
2018-11-15 13:09:26,235 INFO  [Thread-2] org.springframework.context.support.DefaultLifecycleProcessor : Stopping beans in phase 2147483547
2018-11-15 13:09:26,236 INFO  [Thread-2] org.springframework.context.support.DefaultLifecycleProcessor : Stopping beans in phase 0
